This is pdfTeX, Version 3.141592653-2.6-1.40.24 (TeX Live 2022) (preloaded format=pdflatex 2022.11.21)  17 FEB 2026 17:04
entering extended mode
 restricted \write18 enabled.
 %&-line parsing enabled.
**Documentation_VAE.tex
(./Documentation_VAE.tex
LaTeX2e <2022-11-01>
L3 programming layer <2022-11-02> (c:/Users/Tristan Leiter/AppData/Roaming/TinyTeX/texmf-dist/tex/latex/base/report.cls
Document Class: report 2022/07/02 v1.4n Standard LaTeX document class
(c:/Users/Tristan Leiter/AppData/Roaming/TinyTeX/texmf-dist/tex/latex/base/size10.clo
File: size10.clo 2022/07/02 v1.4n Standard LaTeX file (size option)
)
\c@part=\count185
\c@chapter=\count186
\c@section=\count187
\c@subsection=\count188
\c@subsubsection=\count189
\c@paragraph=\count190
\c@subparagraph=\count191
\c@figure=\count192
\c@table=\count193
\abovecaptionskip=\skip47
\belowcaptionskip=\skip48
\bibindent=\dimen140
) (c:/Users/Tristan Leiter/AppData/Roaming/TinyTeX/texmf-dist/tex/latex/graphics/graphicx.sty
Package: graphicx 2021/09/16 v1.2d Enhanced LaTeX Graphics (DPC,SPQR)
(c:/Users/Tristan Leiter/AppData/Roaming/TinyTeX/texmf-dist/tex/latex/graphics/keyval.sty
Package: keyval 2022/05/29 v1.15 key=value parser (DPC)
\KV@toks@=\toks16
) (c:/Users/Tristan Leiter/AppData/Roaming/TinyTeX/texmf-dist/tex/latex/graphics/graphics.sty
Package: graphics 2022/03/10 v1.4e Standard LaTeX Graphics (DPC,SPQR)
(c:/Users/Tristan Leiter/AppData/Roaming/TinyTeX/texmf-dist/tex/latex/graphics/trig.sty
Package: trig 2021/08/11 v1.11 sin cos tan (DPC)
) (c:/Users/Tristan Leiter/AppData/Roaming/TinyTeX/texmf-dist/tex/latex/graphics-cfg/graphics.cfg
File: graphics.cfg 2016/06/04 v1.11 sample graphics configuration
)
Package graphics Info: Driver file: pdftex.def on input line 107.
(c:/Users/Tristan Leiter/AppData/Roaming/TinyTeX/texmf-dist/tex/latex/graphics-def/pdftex.def
File: pdftex.def 2022/09/22 v1.2b Graphics/color driver for pdftex
))
\Gin@req@height=\dimen141
\Gin@req@width=\dimen142
) (c:/Users/Tristan Leiter/AppData/Roaming/TinyTeX/texmf-dist/tex/latex/xcolor/xcolor.sty
Package: xcolor 2022/06/12 v2.14 LaTeX color extensions (UK)
(c:/Users/Tristan Leiter/AppData/Roaming/TinyTeX/texmf-dist/tex/latex/graphics-cfg/color.cfg
File: color.cfg 2016/01/02 v1.6 sample color configuration
)
Package xcolor Info: Driver file: pdftex.def on input line 227.
(c:/Users/Tristan Leiter/AppData/Roaming/TinyTeX/texmf-dist/tex/latex/graphics/mathcolor.ltx)
Package xcolor Info: Model `cmy' substituted by `cmy0' on input line 1353.
Package xcolor Info: Model `hsb' substituted by `rgb' on input line 1357.
Package xcolor Info: Model `RGB' extended on input line 1369.
Package xcolor Info: Model `HTML' substituted by `rgb' on input line 1371.
Package xcolor Info: Model `Hsb' substituted by `hsb' on input line 1372.
Package xcolor Info: Model `tHsb' substituted by `hsb' on input line 1373.
Package xcolor Info: Model `HSB' substituted by `hsb' on input line 1374.
Package xcolor Info: Model `Gray' substituted by `gray' on input line 1375.
Package xcolor Info: Model `wave' substituted by `hsb' on input line 1376.
) (c:/Users/Tristan Leiter/AppData/Roaming/TinyTeX/texmf-dist/tex/latex/framed/framed.sty
Package: framed 2011/10/22 v 0.96: framed or shaded text with page breaks
\OuterFrameSep=\skip49
\fb@frw=\dimen143
\fb@frh=\dimen144
\FrameRule=\dimen145
\FrameSep=\dimen146
) (c:/Users/Tristan Leiter/AppData/Roaming/TinyTeX/texmf-dist/tex/latex/base/alltt.sty
Package: alltt 2021/01/29 v2.0g defines alltt environment
) (c:/Users/Tristan Leiter/AppData/Roaming/TinyTeX/texmf-dist/tex/latex/geometry/geometry.sty
Package: geometry 2020/01/02 v5.9 Page Geometry
(c:/Users/Tristan Leiter/AppData/Roaming/TinyTeX/texmf-dist/tex/generic/iftex/ifvtex.sty
Package: ifvtex 2019/10/25 v1.7 ifvtex legacy package. Use iftex instead.
(c:/Users/Tristan Leiter/AppData/Roaming/TinyTeX/texmf-dist/tex/generic/iftex/iftex.sty
Package: iftex 2022/02/03 v1.0f TeX engine tests
))
\Gm@cnth=\count194
\Gm@cntv=\count195
\c@Gm@tempcnt=\count196
\Gm@bindingoffset=\dimen147
\Gm@wd@mp=\dimen148
\Gm@odd@mp=\dimen149
\Gm@even@mp=\dimen150
\Gm@layoutwidth=\dimen151
\Gm@layoutheight=\dimen152
\Gm@layouthoffset=\dimen153
\Gm@layoutvoffset=\dimen154
\Gm@dimlist=\toks17
) (c:/Users/Tristan Leiter/AppData/Roaming/TinyTeX/texmf-dist/tex/generic/babel/babel.sty
Package: babel 2022/10/23 3.82 The Babel package
\babel@savecnt=\count197
\U@D=\dimen155
\l@unhyphenated=\language3
(c:/Users/Tristan Leiter/AppData/Roaming/TinyTeX/texmf-dist/tex/generic/babel/txtbabel.def)
\bbl@readstream=\read2
\bbl@dirlevel=\count198
Package babel Info: Main language set with 'main='. Except if you have
(babel)             problems, prefer the default mechanism for setting
(babel)             the main language. Reported on input line 4382.
(c:/Users/Tristan Leiter/AppData/Roaming/TinyTeX/texmf-dist/tex/generic/babel/locale/de/babel-ngerman.tex)
Package babel Info: Importing data for ngerman
(babel)             from babel-de.ini. Reported on input line 4446.
Package babel Info: Hyphen rules for 'ngerman' set to \l@english
(babel)             (\language0). Reported on input line 4446.
) (c:/Users/Tristan Leiter/AppData/Roaming/TinyTeX/texmf-dist/tex/latex/base/inputenc.sty
Package: inputenc 2021/02/14 v1.3d Input encoding file
\inpenc@prehook=\toks18
\inpenc@posthook=\toks19
) (c:/Users/Tristan Leiter/AppData/Roaming/TinyTeX/texmf-dist/tex/latex/base/fontenc.sty
Package: fontenc 2021/04/29 v2.0v Standard LaTeX package
) (c:/Users/Tristan Leiter/AppData/Roaming/TinyTeX/texmf-dist/tex/latex/amsmath/amsmath.sty
Package: amsmath 2022/04/08 v2.17n AMS math features
\@mathmargin=\skip50
For additional information on amsmath, use the `?' option.
(c:/Users/Tristan Leiter/AppData/Roaming/TinyTeX/texmf-dist/tex/latex/amsmath/amstext.sty
Package: amstext 2021/08/26 v2.01 AMS text
(c:/Users/Tristan Leiter/AppData/Roaming/TinyTeX/texmf-dist/tex/latex/amsmath/amsgen.sty
File: amsgen.sty 1999/11/30 v2.0 generic functions
\@emptytoks=\toks20
\ex@=\dimen156
)) (c:/Users/Tristan Leiter/AppData/Roaming/TinyTeX/texmf-dist/tex/latex/amsmath/amsbsy.sty
Package: amsbsy 1999/11/29 v1.2d Bold Symbols
\pmbraise@=\dimen157
) (c:/Users/Tristan Leiter/AppData/Roaming/TinyTeX/texmf-dist/tex/latex/amsmath/amsopn.sty
Package: amsopn 2022/04/08 v2.04 operator names
)
\inf@bad=\count199
LaTeX Info: Redefining \frac on input line 234.
\uproot@=\count266
\leftroot@=\count267
LaTeX Info: Redefining \overline on input line 399.
LaTeX Info: Redefining \colon on input line 410.
\classnum@=\count268
\DOTSCASE@=\count269
LaTeX Info: Redefining \ldots on input line 496.
LaTeX Info: Redefining \dots on input line 499.
LaTeX Info: Redefining \cdots on input line 620.
\Mathstrutbox@=\box51
\strutbox@=\box52
LaTeX Info: Redefining \big on input line 722.
LaTeX Info: Redefining \Big on input line 723.
LaTeX Info: Redefining \bigg on input line 724.
LaTeX Info: Redefining \Bigg on input line 725.
\big@size=\dimen158
LaTeX Font Info:    Redeclaring font encoding OML on input line 743.
LaTeX Font Info:    Redeclaring font encoding OMS on input line 744.
\macc@depth=\count270
LaTeX Info: Redefining \bmod on input line 905.
LaTeX Info: Redefining \pmod on input line 910.
LaTeX Info: Redefining \smash on input line 940.
LaTeX Info: Redefining \relbar on input line 970.
LaTeX Info: Redefining \Relbar on input line 971.
\c@MaxMatrixCols=\count271
\dotsspace@=\muskip16
\c@parentequation=\count272
\dspbrk@lvl=\count273
\tag@help=\toks21
\row@=\count274
\column@=\count275
\maxfields@=\count276
\andhelp@=\toks22
\eqnshift@=\dimen159
\alignsep@=\dimen160
\tagshift@=\dimen161
\tagwidth@=\dimen162
\totwidth@=\dimen163
\lineht@=\dimen164
\@envbody=\toks23
\multlinegap=\skip51
\multlinetaggap=\skip52
\mathdisplay@stack=\toks24
LaTeX Info: Redefining \[ on input line 2953.
LaTeX Info: Redefining \] on input line 2954.
) (c:/Users/Tristan Leiter/AppData/Roaming/TinyTeX/texmf-dist/tex/latex/hyperref/hyperref.sty
Package: hyperref 2022-11-13 v7.00u Hypertext links for LaTeX
(c:/Users/Tristan Leiter/AppData/Roaming/TinyTeX/texmf-dist/tex/generic/ltxcmds/ltxcmds.sty
Package: ltxcmds 2020-05-10 v1.25 LaTeX kernel commands for general use (HO)
) (c:/Users/Tristan Leiter/AppData/Roaming/TinyTeX/texmf-dist/tex/generic/pdftexcmds/pdftexcmds.sty
Package: pdftexcmds 2020-06-27 v0.33 Utility functions of pdfTeX for LuaTeX (HO)
(c:/Users/Tristan Leiter/AppData/Roaming/TinyTeX/texmf-dist/tex/generic/infwarerr/infwarerr.sty
Package: infwarerr 2019/12/03 v1.5 Providing info/warning/error messages (HO)
)
Package pdftexcmds Info: \pdf@primitive is available.
Package pdftexcmds Info: \pdf@ifprimitive is available.
Package pdftexcmds Info: \pdfdraftmode found.
) (c:/Users/Tristan Leiter/AppData/Roaming/TinyTeX/texmf-dist/tex/latex/kvsetkeys/kvsetkeys.sty
Package: kvsetkeys 2022-10-05 v1.19 Key value parser (HO)
) (c:/Users/Tristan Leiter/AppData/Roaming/TinyTeX/texmf-dist/tex/generic/kvdefinekeys/kvdefinekeys.sty
Package: kvdefinekeys 2019-12-19 v1.6 Define keys (HO)
) (c:/Users/Tristan Leiter/AppData/Roaming/TinyTeX/texmf-dist/tex/generic/pdfescape/pdfescape.sty
Package: pdfescape 2019/12/09 v1.15 Implements pdfTeX's escape features (HO)
) (c:/Users/Tristan Leiter/AppData/Roaming/TinyTeX/texmf-dist/tex/latex/hycolor/hycolor.sty
Package: hycolor 2020-01-27 v1.10 Color options for hyperref/bookmark (HO)
) (c:/Users/Tristan Leiter/AppData/Roaming/TinyTeX/texmf-dist/tex/latex/letltxmacro/letltxmacro.sty
Package: letltxmacro 2019/12/03 v1.6 Let assignment for LaTeX macros (HO)
) (c:/Users/Tristan Leiter/AppData/Roaming/TinyTeX/texmf-dist/tex/latex/auxhook/auxhook.sty
Package: auxhook 2019-12-17 v1.6 Hooks for auxiliary files (HO)
) (c:/Users/Tristan Leiter/AppData/Roaming/TinyTeX/texmf-dist/tex/latex/hyperref/nameref.sty
Package: nameref 2022-05-17 v2.50 Cross-referencing by name of section
(c:/Users/Tristan Leiter/AppData/Roaming/TinyTeX/texmf-dist/tex/latex/refcount/refcount.sty
Package: refcount 2019/12/15 v3.6 Data extraction from label references (HO)
) (c:/Users/Tristan Leiter/AppData/Roaming/TinyTeX/texmf-dist/tex/generic/gettitlestring/gettitlestring.sty
Package: gettitlestring 2019/12/15 v1.6 Cleanup title references (HO)
(c:/Users/Tristan Leiter/AppData/Roaming/TinyTeX/texmf-dist/tex/latex/kvoptions/kvoptions.sty
Package: kvoptions 2022-06-15 v3.15 Key value format for package options (HO)
))
\c@section@level=\count277
)
\@linkdim=\dimen165
\Hy@linkcounter=\count278
\Hy@pagecounter=\count279
(c:/Users/Tristan Leiter/AppData/Roaming/TinyTeX/texmf-dist/tex/latex/hyperref/pd1enc.def
File: pd1enc.def 2022-11-13 v7.00u Hyperref: PDFDocEncoding definition (HO)
Now handling font encoding PD1 ...
... no UTF-8 mapping file for font encoding PD1
) (c:/Users/Tristan Leiter/AppData/Roaming/TinyTeX/texmf-dist/tex/generic/intcalc/intcalc.sty
Package: intcalc 2019/12/15 v1.3 Expandable calculations with integers (HO)
) (c:/Users/Tristan Leiter/AppData/Roaming/TinyTeX/texmf-dist/tex/generic/etexcmds/etexcmds.sty
Package: etexcmds 2019/12/15 v1.7 Avoid name clashes with e-TeX commands (HO)
)
\Hy@SavedSpaceFactor=\count280
(c:/Users/Tristan Leiter/AppData/Roaming/TinyTeX/texmf-dist/tex/latex/hyperref/puenc.def
File: puenc.def 2022-11-13 v7.00u Hyperref: PDF Unicode definition (HO)
Now handling font encoding PU ...
... no UTF-8 mapping file for font encoding PU
)
Package hyperref Info: Hyper figures OFF on input line 4162.
Package hyperref Info: Link nesting OFF on input line 4167.
Package hyperref Info: Hyper index ON on input line 4170.
Package hyperref Info: Plain pages OFF on input line 4177.
Package hyperref Info: Backreferencing OFF on input line 4182.
Package hyperref Info: Implicit mode ON; LaTeX internals redefined.
Package hyperref Info: Bookmarks ON on input line 4410.
\c@Hy@tempcnt=\count281
(c:/Users/Tristan Leiter/AppData/Roaming/TinyTeX/texmf-dist/tex/latex/url/url.sty
\Urlmuskip=\muskip17
Package: url 2013/09/16  ver 3.4  Verb mode for urls, etc.
)
LaTeX Info: Redefining \url on input line 4748.
\XeTeXLinkMargin=\dimen166
(c:/Users/Tristan Leiter/AppData/Roaming/TinyTeX/texmf-dist/tex/generic/bitset/bitset.sty
Package: bitset 2019/12/09 v1.3 Handle bit-vector datatype (HO)
(c:/Users/Tristan Leiter/AppData/Roaming/TinyTeX/texmf-dist/tex/generic/bigintcalc/bigintcalc.sty
Package: bigintcalc 2019/12/15 v1.5 Expandable calculations on big integers (HO)
))
\Fld@menulength=\count282
\Field@Width=\dimen167
\Fld@charsize=\dimen168
Package hyperref Info: Hyper figures OFF on input line 6027.
Package hyperref Info: Link nesting OFF on input line 6032.
Package hyperref Info: Hyper index ON on input line 6035.
Package hyperref Info: backreferencing OFF on input line 6042.
Package hyperref Info: Link coloring OFF on input line 6047.
Package hyperref Info: Link coloring with OCG OFF on input line 6052.
Package hyperref Info: PDF/A mode OFF on input line 6057.
(c:/Users/Tristan Leiter/AppData/Roaming/TinyTeX/texmf-dist/tex/latex/base/atbegshi-ltx.sty
Package: atbegshi-ltx 2021/01/10 v1.0c Emulation of the original atbegshi
package with kernel methods
)
\Hy@abspage=\count283
\c@Item=\count284
\c@Hfootnote=\count285
)
Package hyperref Info: Driver (autodetected): hpdftex.
(c:/Users/Tristan Leiter/AppData/Roaming/TinyTeX/texmf-dist/tex/latex/hyperref/hpdftex.def
File: hpdftex.def 2022-11-13 v7.00u Hyperref driver for pdfTeX
(c:/Users/Tristan Leiter/AppData/Roaming/TinyTeX/texmf-dist/tex/latex/base/atveryend-ltx.sty
Package: atveryend-ltx 2020/08/19 v1.0a Emulation of the original atveryend package
with kernel methods
)
\Fld@listcount=\count286
\c@bookmark@seq@number=\count287
(c:/Users/Tristan Leiter/AppData/Roaming/TinyTeX/texmf-dist/tex/latex/rerunfilecheck/rerunfilecheck.sty
Package: rerunfilecheck 2022-07-10 v1.10 Rerun checks for auxiliary files (HO)
(c:/Users/Tristan Leiter/AppData/Roaming/TinyTeX/texmf-dist/tex/generic/uniquecounter/uniquecounter.sty
Package: uniquecounter 2019/12/15 v1.4 Provide unlimited unique counter (HO)
)
Package uniquecounter Info: New unique counter `rerunfilecheck' on input line 285.
)
\Hy@SectionHShift=\skip53
) (c:/Users/Tristan Leiter/AppData/Roaming/TinyTeX/texmf-dist/tex/latex/booktabs/booktabs.sty
Package: booktabs 2020/01/12 v1.61803398 Publication quality tables
\heavyrulewidth=\dimen169
\lightrulewidth=\dimen170
\cmidrulewidth=\dimen171
\belowrulesep=\dimen172
\belowbottomsep=\dimen173
\aboverulesep=\dimen174
\abovetopsep=\dimen175
\cmidrulesep=\dimen176
\cmidrulekern=\dimen177
\defaultaddspace=\dimen178
\@cmidla=\count288
\@cmidlb=\count289
\@aboverulesep=\dimen179
\@belowrulesep=\dimen180
\@thisruleclass=\count290
\@lastruleclass=\count291
\@thisrulewidth=\dimen181
) (c:/Users/Tristan Leiter/AppData/Roaming/TinyTeX/texmf-dist/tex/latex/graphics/rotating.sty
Package: rotating 2016/08/11 v2.16d rotated objects in LaTeX
(c:/Users/Tristan Leiter/AppData/Roaming/TinyTeX/texmf-dist/tex/latex/base/ifthen.sty
Package: ifthen 2022/04/13 v1.1d Standard LaTeX ifthen package (DPC)
)
\c@r@tfl@t=\count292
\rotFPtop=\skip54
\rotFPbot=\skip55
\rot@float@box=\box53
\rot@mess@toks=\toks25
) (c:/Users/Tristan Leiter/AppData/Roaming/TinyTeX/texmf-dist/tex/latex/lm/lmodern.sty
Package: lmodern 2015/05/01 v1.6.1 Latin Modern Fonts
LaTeX Font Info:    Overwriting symbol font `operators' in version `normal'
(Font)                  OT1/cmr/m/n --> OT1/lmr/m/n on input line 22.
LaTeX Font Info:    Overwriting symbol font `letters' in version `normal'
(Font)                  OML/cmm/m/it --> OML/lmm/m/it on input line 23.
LaTeX Font Info:    Overwriting symbol font `symbols' in version `normal'
(Font)                  OMS/cmsy/m/n --> OMS/lmsy/m/n on input line 24.
LaTeX Font Info:    Overwriting symbol font `largesymbols' in version `normal'
(Font)                  OMX/cmex/m/n --> OMX/lmex/m/n on input line 25.
LaTeX Font Info:    Overwriting symbol font `operators' in version `bold'
(Font)                  OT1/cmr/bx/n --> OT1/lmr/bx/n on input line 26.
LaTeX Font Info:    Overwriting symbol font `letters' in version `bold'
(Font)                  OML/cmm/b/it --> OML/lmm/b/it on input line 27.
LaTeX Font Info:    Overwriting symbol font `symbols' in version `bold'
(Font)                  OMS/cmsy/b/n --> OMS/lmsy/b/n on input line 28.
LaTeX Font Info:    Overwriting symbol font `largesymbols' in version `bold'
(Font)                  OMX/cmex/m/n --> OMX/lmex/m/n on input line 29.
LaTeX Font Info:    Overwriting math alphabet `\mathbf' in version `normal'
(Font)                  OT1/cmr/bx/n --> OT1/lmr/bx/n on input line 31.
LaTeX Font Info:    Overwriting math alphabet `\mathsf' in version `normal'
(Font)                  OT1/cmss/m/n --> OT1/lmss/m/n on input line 32.
LaTeX Font Info:    Overwriting math alphabet `\mathit' in version `normal'
(Font)                  OT1/cmr/m/it --> OT1/lmr/m/it on input line 33.
LaTeX Font Info:    Overwriting math alphabet `\mathtt' in version `normal'
(Font)                  OT1/cmtt/m/n --> OT1/lmtt/m/n on input line 34.
LaTeX Font Info:    Overwriting math alphabet `\mathbf' in version `bold'
(Font)                  OT1/cmr/bx/n --> OT1/lmr/bx/n on input line 35.
LaTeX Font Info:    Overwriting math alphabet `\mathsf' in version `bold'
(Font)                  OT1/cmss/bx/n --> OT1/lmss/bx/n on input line 36.
LaTeX Font Info:    Overwriting math alphabet `\mathit' in version `bold'
(Font)                  OT1/cmr/bx/it --> OT1/lmr/bx/it on input line 37.
LaTeX Font Info:    Overwriting math alphabet `\mathtt' in version `bold'
(Font)                  OT1/cmtt/m/n --> OT1/lmtt/m/n on input line 38.
) (c:/Users/Tristan Leiter/AppData/Roaming/TinyTeX/texmf-dist/tex/latex/natbib/natbib.sty
Package: natbib 2010/09/13 8.31b (PWD, AO)
\bibhang=\skip56
\bibsep=\skip57
LaTeX Info: Redefining \cite on input line 694.
\c@NAT@ctr=\count293
) (c:/Users/Tristan Leiter/AppData/Roaming/TinyTeX/texmf-dist/tex/latex/float/float.sty
Package: float 2001/11/08 v1.3d Float enhancements (AL)
\c@float@type=\count294
\float@exts=\toks26
\float@box=\box54
\@float@everytoks=\toks27
\@floatcapt=\box55
)
LaTeX Font Info:    Trying to load font information for T1+lmr on input line 94.
(c:/Users/Tristan Leiter/AppData/Roaming/TinyTeX/texmf-dist/tex/latex/lm/t1lmr.fd
File: t1lmr.fd 2015/05/01 v1.6.1 Font defs for Latin Modern
) (c:/Users/Tristan Leiter/AppData/Roaming/TinyTeX/texmf-dist/tex/latex/l3backend/l3backend-pdftex.def
File: l3backend-pdftex.def 2022-10-26 L3 backend support: PDF output (pdfTeX)
\l__color_backend_stack_int=\count295
\l__pdf_internal_box=\box56
) (./Documentation_VAE.aux

LaTeX Warning: Label `tab:forensic_summary_strat_c' multiply defined.


LaTeX Warning: Label `tab:forensic_summary_strat_d' multiply defined.


LaTeX Warning: Label `tab:leaderboard' multiply defined.


LaTeX Warning: Label `tab:params' multiply defined.


LaTeX Warning: Label `tab:forensic_summary_new' multiply defined.


LaTeX Warning: Label `tab:leaderboard' multiply defined.


LaTeX Warning: Label `tab:params' multiply defined.


LaTeX Warning: Label `tab:leaderboard' multiply defined.

)
\openout1 = `Documentation_VAE.aux'.

LaTeX Font Info:    Checking defaults for OML/cmm/m/it on input line 94.
LaTeX Font Info:    ... okay on input line 94.
LaTeX Font Info:    Checking defaults for OMS/cmsy/m/n on input line 94.
LaTeX Font Info:    ... okay on input line 94.
LaTeX Font Info:    Checking defaults for OT1/cmr/m/n on input line 94.
LaTeX Font Info:    ... okay on input line 94.
LaTeX Font Info:    Checking defaults for T1/cmr/m/n on input line 94.
LaTeX Font Info:    ... okay on input line 94.
LaTeX Font Info:    Checking defaults for TS1/cmr/m/n on input line 94.
LaTeX Font Info:    ... okay on input line 94.
LaTeX Font Info:    Checking defaults for OMX/cmex/m/n on input line 94.
LaTeX Font Info:    ... okay on input line 94.
LaTeX Font Info:    Checking defaults for U/cmr/m/n on input line 94.
LaTeX Font Info:    ... okay on input line 94.
LaTeX Font Info:    Checking defaults for PD1/pdf/m/n on input line 94.
LaTeX Font Info:    ... okay on input line 94.
LaTeX Font Info:    Checking defaults for PU/pdf/m/n on input line 94.
LaTeX Font Info:    ... okay on input line 94.
(c:/Users/Tristan Leiter/AppData/Roaming/TinyTeX/texmf-dist/tex/latex/epstopdf-pkg/epstopdf-base.sty
Package: epstopdf-base 2020-01-24 v2.11 Base part for package epstopdf
Package epstopdf-base Info: Redefining graphics rule for `.eps' on input line 485.
(c:/Users/Tristan Leiter/AppData/Roaming/TinyTeX/texmf-dist/tex/latex/latexconfig/epstopdf-sys.cfg
File: epstopdf-sys.cfg 2010/07/13 v1.3 Configuration of (r)epstopdf for TeX Live
))
*geometry* driver: auto-detecting
*geometry* detected driver: pdftex
*geometry* verbose mode - [ preamble ] result:
* driver: pdftex
* paper: <default>
* layout: <same size as paper>
* layoutoffset:(h,v)=(0.0pt,0.0pt)
* modes: 
* h-part:(L,W,R)=(56.9055pt, 500.484pt, 56.9055pt)
* v-part:(T,H,B)=(28.45274pt, 709.61174pt, 56.9055pt)
* \paperwidth=614.295pt
* \paperheight=794.96999pt
* \textwidth=500.484pt
* \textheight=709.61174pt
* \oddsidemargin=-15.36449pt
* \evensidemargin=-15.36449pt
* \topmargin=-80.81725pt
* \headheight=12.0pt
* \headsep=25.0pt
* \topskip=10.0pt
* \footskip=30.0pt
* \marginparwidth=65.0pt
* \marginparsep=11.0pt
* \columnsep=10.0pt
* \skip\footins=9.0pt plus 4.0pt minus 2.0pt
* \hoffset=0.0pt
* \voffset=0.0pt
* \mag=1000
* \@twocolumnfalse
* \@twosidefalse
* \@mparswitchfalse
* \@reversemarginfalse
* (1in=72.27pt=25.4mm, 1cm=28.453pt)

Package hyperref Info: Link coloring OFF on input line 94.
(./Documentation_VAE.out) (./Documentation_VAE.out)
\@outlinefile=\write3
\openout3 = `Documentation_VAE.out'.

*geometry* verbose mode - [ newgeometry ] result:
* driver: pdftex
* paper: <default>
* layout: <same size as paper>
* layoutoffset:(h,v)=(0.0pt,0.0pt)
* modes: 
* h-part:(L,W,R)=(71.13188pt, 472.03123pt, 71.13188pt)
* v-part:(T,H,B)=(85.35826pt, 624.25346pt, 85.35826pt)
* \paperwidth=614.295pt
* \paperheight=794.96999pt
* \textwidth=472.03123pt
* \textheight=624.25346pt
* \oddsidemargin=-1.1381pt
* \evensidemargin=-1.1381pt
* \topmargin=-23.91173pt
* \headheight=12.0pt
* \headsep=25.0pt
* \topskip=10.0pt
* \footskip=30.0pt
* \marginparwidth=65.0pt
* \marginparsep=11.0pt
* \columnsep=10.0pt
* \skip\footins=9.0pt plus 4.0pt minus 2.0pt
* \hoffset=0.0pt
* \voffset=0.0pt
* \mag=1000
* \@twocolumnfalse
* \@twosidefalse
* \@mparswitchfalse
* \@reversemarginfalse
* (1in=72.27pt=25.4mm, 1cm=28.453pt)

[1


{c:/Users/Tristan Leiter/AppData/Roaming/TinyTeX/texmf-var/fonts/map/pdftex/updmap/pdftex.map}] (./Documentation_VAE.toc
LaTeX Font Info:    Trying to load font information for OT1+lmr on input line 3.
(c:/Users/Tristan Leiter/AppData/Roaming/TinyTeX/texmf-dist/tex/latex/lm/ot1lmr.fd
File: ot1lmr.fd 2015/05/01 v1.6.1 Font defs for Latin Modern
)
LaTeX Font Info:    Trying to load font information for OML+lmm on input line 3.
(c:/Users/Tristan Leiter/AppData/Roaming/TinyTeX/texmf-dist/tex/latex/lm/omllmm.fd
File: omllmm.fd 2015/05/01 v1.6.1 Font defs for Latin Modern
)
LaTeX Font Info:    Trying to load font information for OMS+lmsy on input line 3.
(c:/Users/Tristan Leiter/AppData/Roaming/TinyTeX/texmf-dist/tex/latex/lm/omslmsy.fd
File: omslmsy.fd 2015/05/01 v1.6.1 Font defs for Latin Modern
)
LaTeX Font Info:    Trying to load font information for OMX+lmex on input line 3.
(c:/Users/Tristan Leiter/AppData/Roaming/TinyTeX/texmf-dist/tex/latex/lm/omxlmex.fd
File: omxlmex.fd 2015/05/01 v1.6.1 Font defs for Latin Modern
)
LaTeX Font Info:    External font `lmex10' loaded for size
(Font)              <10> on input line 3.
LaTeX Font Info:    External font `lmex10' loaded for size
(Font)              <7> on input line 3.
LaTeX Font Info:    External font `lmex10' loaded for size
(Font)              <5> on input line 3.

pdfTeX warning (ext4): destination with the same identifier (name{page.1}) has been already used, duplicate ignored
<to be read again> 
                   \relax 
l.72 ...erline {6}Training Results}{22}{chapter.6}
                                                  % [1


])
\tf@toc=\write4
\openout4 = `Documentation_VAE.toc'.

[2]
\bbl@ensure@ngerman {Kapitel} 1.
LaTeX Font Info:    Trying to load font information for TS1+lmr on input line 154.
(c:/Users/Tristan Leiter/AppData/Roaming/TinyTeX/texmf-dist/tex/latex/lm/ts1lmr.fd
File: ts1lmr.fd 2015/05/01 v1.6.1 Font defs for Latin Modern
) [3

]
\bbl@ensure@ngerman {Kapitel} 2.
LaTeX Font Info:    Trying to load font information for T1+lmtt on input line 205.
(c:/Users/Tristan Leiter/AppData/Roaming/TinyTeX/texmf-dist/tex/latex/lm/t1lmtt.fd
File: t1lmtt.fd 2015/05/01 v1.6.1 Font defs for Latin Modern
) [4

]
LaTeX Font Info:    Font shape `T1/lmtt/bx/n' in size <10> not available
(Font)              Font shape `T1/lmtt/b/n' tried instead on input line 255.
[5]
\bbl@ensure@ngerman {Kapitel} 3.
[6


pdfTeX warning (ext4): destination with the same identifier (name{table.3.1}) has been already used, duplicate ignored
<argument> ...shipout:D \box_use:N \l_shipout_box 
                                                  \__shipout_drop_firstpage_...
l.344 \end{table}
                 
pdfTeX warning (ext4): destination with the same identifier (name{table.3.2}) has been already used, duplicate ignored
<argument> ...shipout:D \box_use:N \l_shipout_box 
                                                  \__shipout_drop_firstpage_...
l.344 \end{table}
                 ]

LaTeX Warning: `h' float specifier changed to `ht'.


LaTeX Warning: `h' float specifier changed to `ht'.


Underfull \hbox (badness 1383) in paragraph at lines 474--474
[]\T1/lmr/bx/n/10 Asset-Heavy / High-
 []


Underfull \hbox (badness 10000) in paragraph at lines 474--474
[]\T1/lmr/m/n/10 N/A (Base-line). Re-lies
 []


Underfull \hbox (badness 10000) in paragraph at lines 474--474
[]\T1/lmr/bx/n/10 Standard Fail-ure\T1/lmr/m/n/10 :
 []


Underfull \hbox (badness 2790) in paragraph at lines 474--474
[]\T1/lmr/bx/n/10 Liquidity & Ro-bust-
 []


Underfull \hbox (badness 10000) in paragraph at lines 474--474
[]\T1/lmr/bx/n/10 Cash-Poor\T1/lmr/m/n/10 : The on-ly
 []


Underfull \hbox (badness 10000) in paragraph at lines 474--474
\T1/lmr/m/n/10 mod-el where missed
 []


Underfull \hbox (badness 6592) in paragraph at lines 474--474
\T1/lmr/m/n/10 ig-nore "noisy" ac-count-
 []


Underfull \hbox (badness 1127) in paragraph at lines 474--474
\T1/lmr/m/n/10 u-al in-ter-ac-tions did not
 []


LaTeX Warning: `h' float specifier changed to `ht'.

[7
pdfTeX warning (ext4): destination with the same identifier (name{table.3.3}) has been already used, duplicate ignored
<argument> ...shipout:D \box_use:N \l_shipout_box 
                                                  \__shipout_drop_firstpage_...
l.481 
      
pdfTeX warning (ext4): destination with the same identifier (name{table.3.4}) has been already used, duplicate ignored
<argument> ...shipout:D \box_use:N \l_shipout_box 
                                                  \__shipout_drop_firstpage_...
l.481 
      
pdfTeX warning (ext4): destination with the same identifier (name{table.3.5}) has been already used, duplicate ignored
<argument> ...shipout:D \box_use:N \l_shipout_box 
                                                  \__shipout_drop_firstpage_...
l.481 
      ] [8
pdfTeX warning (ext4): destination with the same identifier (name{table.3.6}) has been already used, duplicate ignored
<argument> ...shipout:D \box_use:N \l_shipout_box 
                                                  \__shipout_drop_firstpage_...
l.490 \chapter
              {Random Forest Training Results and Model Insights}
pdfTeX warning (ext4): destination with the same identifier (name{table.3.7}) has been already used, duplicate ignored
<argument> ...shipout:D \box_use:N \l_shipout_box 
                                                  \__shipout_drop_firstpage_...
l.490 \chapter
              {Random Forest Training Results and Model Insights}] [9
pdfTeX warning (ext4): destination with the same identifier (name{table.3.8}) has been already used, duplicate ignored
<argument> ...shipout:D \box_use:N \l_shipout_box 
                                                  \__shipout_drop_firstpage_...
l.490 \chapter
              {Random Forest Training Results and Model Insights}]
\bbl@ensure@ngerman {Kapitel} 4.
[10

]
\bbl@ensure@ngerman {Kapitel} 5.
[11


pdfTeX warning (ext4): destination with the same identifier (name{table.5.1}) has been already used, duplicate ignored
<argument> ...shipout:D \box_use:N \l_shipout_box 
                                                  \__shipout_drop_firstpage_...
l.546 
      
pdfTeX warning (ext4): destination with the same identifier (name{table.5.2}) has been already used, duplicate ignored
<argument> ...shipout:D \box_use:N \l_shipout_box 
                                                  \__shipout_drop_firstpage_...
l.546 
      ]
<C:/Users/Tristan Leiter/Documents/ILAB_OeNB//CreditRisk_ML/03_Charts/VAE/XGBoost/BaseModel/BaseModel_Feature_Importance.png, id=402, 578.16pt x 433.62pt>
File: C:/Users/Tristan Leiter/Documents/ILAB_OeNB//CreditRisk_ML/03_Charts/VAE/XGBoost/BaseModel/BaseModel_Feature_Importance.png Graphic file (type png)
<use C:/Users/Tristan Leiter/Documents/ILAB_OeNB//CreditRisk_ML/03_Charts/VAE/XGBoost/BaseModel/BaseModel_Feature_Importance.png>
Package pdftex.def Info: C:/Users/Tristan Leiter/Documents/ILAB_OeNB//CreditRisk_ML/03_Charts/VAE/XGBoost/BaseModel/BaseModel_Feature_Importance.png  used on input line 553.
(pdftex.def)             Requested size: 400.38872pt x 300.28984pt.
<C:/Users/Tristan Leiter/Documents/ILAB_OeNB//CreditRisk_ML/03_Charts/VAE/XGBoost/BaseModel/BaseModelMarginalResponse_Batch_1.png, id=404, 867.24pt x 578.16pt>
File: C:/Users/Tristan Leiter/Documents/ILAB_OeNB//CreditRisk_ML/03_Charts/VAE/XGBoost/BaseModel/BaseModelMarginalResponse_Batch_1.png Graphic file (type png)
<use C:/Users/Tristan Leiter/Documents/ILAB_OeNB//CreditRisk_ML/03_Charts/VAE/XGBoost/BaseModel/BaseModelMarginalResponse_Batch_1.png>
Package pdftex.def Info: C:/Users/Tristan Leiter/Documents/ILAB_OeNB//CreditRisk_ML/03_Charts/VAE/XGBoost/BaseModel/BaseModelMarginalResponse_Batch_1.png  used on input line 561.
(pdftex.def)             Requested size: 400.38872pt x 266.92725pt.
[12
pdfTeX warning (ext4): destination with the same identifier (name{figure.5.1}) has been already used, duplicate ignored
<argument> ...shipout:D \box_use:N \l_shipout_box 
                                                  \__shipout_drop_firstpage_...
l.565 
       <c:/Users/Tristan Leiter/Documents/ILAB_OeNB//CreditRisk_ML/03_Charts/VAE/XGBoost/BaseModel/BaseModel_Feature_Importance.png>]
<C:/Users/Tristan Leiter/Documents/ILAB_OeNB//CreditRisk_ML/03_Charts/VAE/XGBoost/BaseModel/BaseModelBeamer_Hex_f8_f5.png, id=413, 650.43pt x 505.89pt>
File: C:/Users/Tristan Leiter/Documents/ILAB_OeNB//CreditRisk_ML/03_Charts/VAE/XGBoost/BaseModel/BaseModelBeamer_Hex_f8_f5.png Graphic file (type png)
<use C:/Users/Tristan Leiter/Documents/ILAB_OeNB//CreditRisk_ML/03_Charts/VAE/XGBoost/BaseModel/BaseModelBeamer_Hex_f8_f5.png>
Package pdftex.def Info: C:/Users/Tristan Leiter/Documents/ILAB_OeNB//CreditRisk_ML/03_Charts/VAE/XGBoost/BaseModel/BaseModelBeamer_Hex_f8_f5.png  used on input line 570.
(pdftex.def)             Requested size: 400.38872pt x 311.41768pt.
<C:/Users/Tristan Leiter/Documents/ILAB_OeNB//CreditRisk_ML/03_Charts/VAE/XGBoost/BaseModel/BaseModelError_Boxplot_Batch_3.png, id=414, 722.7pt x 578.16pt>
File: C:/Users/Tristan Leiter/Documents/ILAB_OeNB//CreditRisk_ML/03_Charts/VAE/XGBoost/BaseModel/BaseModelError_Boxplot_Batch_3.png Graphic file (type png)
<use C:/Users/Tristan Leiter/Documents/ILAB_OeNB//CreditRisk_ML/03_Charts/VAE/XGBoost/BaseModel/BaseModelError_Boxplot_Batch_3.png>
Package pdftex.def Info: C:/Users/Tristan Leiter/Documents/ILAB_OeNB//CreditRisk_ML/03_Charts/VAE/XGBoost/BaseModel/BaseModelError_Boxplot_Batch_3.png  used on input line 579.
(pdftex.def)             Requested size: 400.38872pt x 320.30916pt.
[13
pdfTeX warning (ext4): destination with the same identifier (name{figure.5.2}) has been already used, duplicate ignored
<argument> ...shipout:D \box_use:N \l_shipout_box 
                                                  \__shipout_drop_firstpage_...
l.582 
      
pdfTeX warning (ext4): destination with the same identifier (name{figure.5.3}) has been already used, duplicate ignored
<argument> ...shipout:D \box_use:N \l_shipout_box 
                                                  \__shipout_drop_firstpage_...
l.582 
       <c:/Users/Tristan Leiter/Documents/ILAB_OeNB//CreditRisk_ML/03_Charts/VAE/XGBoost/BaseModel/BaseModelMarginalResponse_Batch_1.png> <c:/Users/Tristan Leiter/Documents/ILAB_OeNB//CreditRisk_ML/03_Charts/VAE/XGBoost/BaseModel/BaseModelBeamer_Hex_f8_f5.png>]
<C:/Users/Tristan Leiter/Documents/ILAB_OeNB//CreditRisk_ML/03_Charts/VAE/XGBoost/StrategyA/StrategyA_Feature_Importance.png, id=423, 578.16pt x 433.62pt>
File: C:/Users/Tristan Leiter/Documents/ILAB_OeNB//CreditRisk_ML/03_Charts/VAE/XGBoost/StrategyA/StrategyA_Feature_Importance.png Graphic file (type png)
<use C:/Users/Tristan Leiter/Documents/ILAB_OeNB//CreditRisk_ML/03_Charts/VAE/XGBoost/StrategyA/StrategyA_Feature_Importance.png>
Package pdftex.def Info: C:/Users/Tristan Leiter/Documents/ILAB_OeNB//CreditRisk_ML/03_Charts/VAE/XGBoost/StrategyA/StrategyA_Feature_Importance.png  used on input line 610.
(pdftex.def)             Requested size: 400.38872pt x 300.28984pt.
[14
pdfTeX warning (ext4): destination with the same identifier (name{figure.5.4}) has been already used, duplicate ignored
<argument> ...shipout:D \box_use:N \l_shipout_box 
                                                  \__shipout_drop_firstpage_...
l.613 
      
pdfTeX warning (ext4): destination with the same identifier (name{table.5.3}) has been already used, duplicate ignored
<argument> ...shipout:D \box_use:N \l_shipout_box 
                                                  \__shipout_drop_firstpage_...
l.613 
       <c:/Users/Tristan Leiter/Documents/ILAB_OeNB//CreditRisk_ML/03_Charts/VAE/XGBoost/BaseModel/BaseModelError_Boxplot_Batch_3.png>]
<C:/Users/Tristan Leiter/Documents/ILAB_OeNB//CreditRisk_ML/03_Charts/VAE/XGBoost/StrategyA/StrategyAMarginalResponse_Batch_1.png, id=431, 867.24pt x 578.16pt>
File: C:/Users/Tristan Leiter/Documents/ILAB_OeNB//CreditRisk_ML/03_Charts/VAE/XGBoost/StrategyA/StrategyAMarginalResponse_Batch_1.png Graphic file (type png)
<use C:/Users/Tristan Leiter/Documents/ILAB_OeNB//CreditRisk_ML/03_Charts/VAE/XGBoost/StrategyA/StrategyAMarginalResponse_Batch_1.png>
Package pdftex.def Info: C:/Users/Tristan Leiter/Documents/ILAB_OeNB//CreditRisk_ML/03_Charts/VAE/XGBoost/StrategyA/StrategyAMarginalResponse_Batch_1.png  used on input line 618.
(pdftex.def)             Requested size: 400.38872pt x 266.92725pt.
[15
pdfTeX warning (ext4): destination with the same identifier (name{figure.5.5}) has been already used, duplicate ignored
<argument> ...shipout:D \box_use:N \l_shipout_box 
                                                  \__shipout_drop_firstpage_...
l.622 
       <c:/Users/Tristan Leiter/Documents/ILAB_OeNB//CreditRisk_ML/03_Charts/VAE/XGBoost/StrategyA/StrategyA_Feature_Importance.png>]
<C:/Users/Tristan Leiter/Documents/ILAB_OeNB//CreditRisk_ML/03_Charts/VAE/XGBoost/StrategyA/StrategyABeamer_Hex_f8_f5.png, id=439, 650.43pt x 505.89pt>
File: C:/Users/Tristan Leiter/Documents/ILAB_OeNB//CreditRisk_ML/03_Charts/VAE/XGBoost/StrategyA/StrategyABeamer_Hex_f8_f5.png Graphic file (type png)
<use C:/Users/Tristan Leiter/Documents/ILAB_OeNB//CreditRisk_ML/03_Charts/VAE/XGBoost/StrategyA/StrategyABeamer_Hex_f8_f5.png>
Package pdftex.def Info: C:/Users/Tristan Leiter/Documents/ILAB_OeNB//CreditRisk_ML/03_Charts/VAE/XGBoost/StrategyA/StrategyABeamer_Hex_f8_f5.png  used on input line 627.
(pdftex.def)             Requested size: 400.38872pt x 311.41768pt.
[16
pdfTeX warning (ext4): destination with the same identifier (name{figure.5.6}) has been already used, duplicate ignored
<argument> ...shipout:D \box_use:N \l_shipout_box 
                                                  \__shipout_drop_firstpage_...
l.631 
       <c:/Users/Tristan Leiter/Documents/ILAB_OeNB//CreditRisk_ML/03_Charts/VAE/XGBoost/StrategyA/StrategyAMarginalResponse_Batch_1.png>]
<C:/Users/Tristan Leiter/Documents/ILAB_OeNB//CreditRisk_ML/03_Charts/VAE/XGBoost/StrategyA/StrategyAError_Boxplot_Batch_2.png, id=447, 722.7pt x 578.16pt>
File: C:/Users/Tristan Leiter/Documents/ILAB_OeNB//CreditRisk_ML/03_Charts/VAE/XGBoost/StrategyA/StrategyAError_Boxplot_Batch_2.png Graphic file (type png)
<use C:/Users/Tristan Leiter/Documents/ILAB_OeNB//CreditRisk_ML/03_Charts/VAE/XGBoost/StrategyA/StrategyAError_Boxplot_Batch_2.png>
Package pdftex.def Info: C:/Users/Tristan Leiter/Documents/ILAB_OeNB//CreditRisk_ML/03_Charts/VAE/XGBoost/StrategyA/StrategyAError_Boxplot_Batch_2.png  used on input line 636.
(pdftex.def)             Requested size: 400.38872pt x 320.30916pt.
[17
pdfTeX warning (ext4): destination with the same identifier (name{figure.5.7}) has been already used, duplicate ignored
<argument> ...shipout:D \box_use:N \l_shipout_box 
                                                  \__shipout_drop_firstpage_...
l.639 
       <c:/Users/Tristan Leiter/Documents/ILAB_OeNB//CreditRisk_ML/03_Charts/VAE/XGBoost/StrategyA/StrategyABeamer_Hex_f8_f5.png>] [18
pdfTeX warning (ext4): destination with the same identifier (name{figure.5.8}) has been already used, duplicate ignored
<argument> ...shipout:D \box_use:N \l_shipout_box 
                                                  \__shipout_drop_firstpage_...
l.707 \end{table}
                 
pdfTeX warning (ext4): destination with the same identifier (name{table.5.4}) has been already used, duplicate ignored
<argument> ...shipout:D \box_use:N \l_shipout_box 
                                                  \__shipout_drop_firstpage_...
l.707 \end{table}
                 
pdfTeX warning (ext4): destination with the same identifier (name{table.5.5}) has been already used, duplicate ignored
<argument> ...shipout:D \box_use:N \l_shipout_box 
                                                  \__shipout_drop_firstpage_...
l.707 \end{table}
                  <c:/Users/Tristan Leiter/Documents/ILAB_OeNB//CreditRisk_ML/03_Charts/VAE/XGBoost/StrategyA/StrategyAError_Boxplot_Batch_2.png>]
Underfull \hbox (badness 10000) in paragraph at lines 758--758
[]\T1/lmr/bx/n/10 Methodological In-
 []


Underfull \hbox (badness 2608) in paragraph at lines 758--758
\T1/lmr/m/n/10 "Cash Burn." It miss-es
 []


Underfull \hbox (badness 1048) in paragraph at lines 758--758
\T1/lmr/m/n/10 count-ing prof-it to mask
 []


Underfull \hbox (badness 10000) in paragraph at lines 758--758
[]\T1/lmr/bx/n/10 Liquidity Blind-ness\T1/lmr/m/n/10 :
 []


Underfull \hbox (badness 10000) in paragraph at lines 758--758
[]\T1/lmr/bx/n/10 Over-Smoothing\T1/lmr/m/n/10 : The
 []


Underfull \hbox (badness 1881) in paragraph at lines 758--758
\T1/lmr/m/n/10 straint forces a smooth
 []


Underfull \hbox (badness 10000) in paragraph at lines 758--758
\T1/lmr/m/n/10 Gaus-sian la-tent space.
 []


Underfull \hbox (badness 3058) in paragraph at lines 758--758
\T1/lmr/m/n/10 This like-ly blurred the
 []


Underfull \hbox (badness 10000) in paragraph at lines 758--758
\T1/lmr/m/n/10 sharp, dis-crete "cliff"
 []


Underfull \hbox (badness 1360) in paragraph at lines 758--758
\T1/lmr/m/n/10 Missed firms with High
 []


Underfull \hbox (badness 1102) in paragraph at lines 758--758
\T1/lmr/m/n/10 Prof-it (0.064) and High
 []


Underfull \hbox (badness 7851) in paragraph at lines 758--758
[]\T1/lmr/bx/n/10 Noise Fil-ter-ing\T1/lmr/m/n/10 : The
 []


Underfull \hbox (badness 2799) in paragraph at lines 758--758
[]\T1/lmr/bx/n/10 Strategic Miss-es\T1/lmr/m/n/10 : Ac-
 []


Underfull \hbox (badness 10000) in paragraph at lines 758--758
[]\T1/lmr/bx/n/10 The "Zom-bie" Fil-
 []


Underfull \hbox (badness 3907) in paragraph at lines 758--758
\T1/lmr/bx/n/10 ter\T1/lmr/m/n/10 : The ex-plic-it "Sol-
 []


Underfull \hbox (badness 10000) in paragraph at lines 758--758
\T1/lmr/m/n/10 ven-cy Gap" fea-ture
 []


Underfull \hbox (badness 10000) in paragraph at lines 758--758
\T1/lmr/m/n/10 ($\OML/lmm/m/it/10 Liabilities \OMS/lmsy/m/n/10 ^^@ \OML/lmm/m/it/10 Equity$\T1/lmr/m/n/10 )
 []


Underfull \hbox (badness 1052) in paragraph at lines 758--758
\T1/lmr/m/n/10 dis-tin-guish-ing "dis-tressed
 []


Underfull \hbox (badness 10000) in paragraph at lines 758--758
\T1/lmr/m/n/10 sur-vivors" from ac-tu-al
 []


LaTeX Warning: `h' float specifier changed to `ht'.

[19
pdfTeX warning (ext4): destination with the same identifier (name{table.5.6}) has been already used, duplicate ignored
<argument> ...shipout:D \box_use:N \l_shipout_box 
                                                  \__shipout_drop_firstpage_...
l.779 \end{itemize}
                   
pdfTeX warning (ext4): destination with the same identifier (name{table.5.7}) has been already used, duplicate ignored
<argument> ...shipout:D \box_use:N \l_shipout_box 
                                                  \__shipout_drop_firstpage_...
l.779 \end{itemize}
                   ]

LaTeX Warning: `h' float specifier changed to `ht'.

[20
pdfTeX warning (ext4): destination with the same identifier (name{table.5.8}) has been already used, duplicate ignored
<argument> ...shipout:D \box_use:N \l_shipout_box 
                                                  \__shipout_drop_firstpage_...
l.840 \end{table}
                 
pdfTeX warning (ext4): destination with the same identifier (name{table.5.9}) has been already used, duplicate ignored
<argument> ...shipout:D \box_use:N \l_shipout_box 
                                                  \__shipout_drop_firstpage_...
l.840 \end{table}
                 ]

LaTeX Warning: `h' float specifier changed to `ht'.

[21
pdfTeX warning (ext4): destination with the same identifier (name{table.5.10}) has been already used, duplicate ignored
<argument> ...shipout:D \box_use:N \l_shipout_box 
                                                  \__shipout_drop_firstpage_...
l.932 
      
pdfTeX warning (ext4): destination with the same identifier (name{table.5.11}) has been already used, duplicate ignored
<argument> ...shipout:D \box_use:N \l_shipout_box 
                                                  \__shipout_drop_firstpage_...
l.932 
      
pdfTeX warning (ext4): destination with the same identifier (name{table.5.12}) has been already used, duplicate ignored
<argument> ...shipout:D \box_use:N \l_shipout_box 
                                                  \__shipout_drop_firstpage_...
l.932 
      
pdfTeX warning (ext4): destination with the same identifier (name{table.5.14}) has been already used, duplicate ignored
<argument> ...shipout:D \box_use:N \l_shipout_box 
                                                  \__shipout_drop_firstpage_...
l.932 
      ] [22
pdfTeX warning (ext4): destination with the same identifier (name{table.5.13}) has been already used, duplicate ignored
<argument> ...shipout:D \box_use:N \l_shipout_box 
                                                  \__shipout_drop_firstpage_...
l.943 \chapter
              {Training Results}
pdfTeX warning (ext4): destination with the same identifier (name{table.5.15}) has been already used, duplicate ignored
<argument> ...shipout:D \box_use:N \l_shipout_box 
                                                  \__shipout_drop_firstpage_...
l.943 \chapter
              {Training Results}]
\bbl@ensure@ngerman {Kapitel} 6.
[23

] [24]
\bbl@ensure@ngerman {Kapitel} 7.
[25


pdfTeX warning (ext4): destination with the same identifier (name{table.7.1}) has been already used, duplicate ignored
<argument> ...shipout:D \box_use:N \l_shipout_box 
                                                  \__shipout_drop_firstpage_...
l.1071 \end{table}
                  
pdfTeX warning (ext4): destination with the same identifier (name{table.7.2}) has been already used, duplicate ignored
<argument> ...shipout:D \box_use:N \l_shipout_box 
                                                  \__shipout_drop_firstpage_...
l.1071 \end{table}
                  
pdfTeX warning (ext4): destination with the same identifier (name{table.7.3}) has been already used, duplicate ignored
<argument> ...shipout:D \box_use:N \l_shipout_box 
                                                  \__shipout_drop_firstpage_...
l.1071 \end{table}
                  ] [26
pdfTeX warning (ext4): destination with the same identifier (name{table.7.4}) has been already used, duplicate ignored
<argument> ...shipout:D \box_use:N \l_shipout_box 
                                                  \__shipout_drop_firstpage_...
l.1211 \end{document}
                     
pdfTeX warning (ext4): destination with the same identifier (name{table.7.5}) has been already used, duplicate ignored
<argument> ...shipout:D \box_use:N \l_shipout_box 
                                                  \__shipout_drop_firstpage_...
l.1211 \end{document}
                     ] (./Documentation_VAE.aux)

LaTeX Warning: There were multiply-defined labels.

Package rerunfilecheck Info: File `Documentation_VAE.out' has not changed.
(rerunfilecheck)             Checksum: C79EFD242EBE82321187A32E4DD9E4FB;11562.
 ) 
Here is how much of TeX's memory you used:
 12072 strings out of 476931
 201753 string characters out of 5823353
 576824 words of memory out of 5000000
 32967 multiletter control sequences out of 15000+600000
 537916 words of font info for 60 fonts, out of 8000000 for 9000
 14 hyphenation exceptions out of 8191
 72i,12n,77p,935b,618s stack positions out of 10000i,1000n,20000p,200000b,200000s
{c:/Users/Tristan Leiter/AppData/Roaming/TinyTeX/texmf-dist/fonts/enc/dvips/lm/lm-ec.enc}{c:/Users/Tristan Leiter/AppData/Roaming/TinyTeX/texmf-dist/fonts/enc/dvips/lm/lm-mathsy.enc}{c:/Users/Tristan Leiter/AppData/Roaming/TinyTeX/texmf-dist/fonts/enc/dvips/lm/lm-mathex.enc}{c:/Users/Tristan Leiter/AppData/Roaming/TinyTeX/texmf-dist/fonts/enc/dvips/lm/lm-mathit.enc}{c:/Users/Tristan Leiter/AppData/Roaming/TinyTeX/texmf-dist/fonts/enc/dvips/lm/lm-rm.enc}{c:/Users/Tristan Leiter/AppData/Roaming/TinyTeX/texmf-dist/fonts/enc/dvips/lm/lm-ts1.enc}<c:/Users/Tristan Leiter/AppData/Roaming/TinyTeX/texmf-dist/fonts/type1/public/lm/lmbx10.pfb><c:/Users/Tristan Leiter/AppData/Roaming/TinyTeX/texmf-dist/fonts/type1/public/lm/lmbx12.pfb><c:/Users/Tristan Leiter/AppData/Roaming/TinyTeX/texmf-dist/fonts/type1/public/lm/lmcsc10.pfb><c:/Users/Tristan Leiter/AppData/Roaming/TinyTeX/texmf-dist/fonts/type1/public/lm/lmex10.pfb><c:/Users/Tristan Leiter/AppData/Roaming/TinyTeX/texmf-dist/fonts/type1/public/lm/lmmi10.pfb><c:/Users/Tristan Leiter/AppData/Roaming/TinyTeX/texmf-dist/fonts/type1/public/lm/lmmi7.pfb><c:/Users/Tristan Leiter/AppData/Roaming/TinyTeX/texmf-dist/fonts/type1/public/lm/lmr10.pfb><c:/Users/Tristan Leiter/AppData/Roaming/TinyTeX/texmf-dist/fonts/type1/public/lm/lmr12.pfb><c:/Users/Tristan Leiter/AppData/Roaming/TinyTeX/texmf-dist/fonts/type1/public/lm/lmr7.pfb><c:/Users/Tristan Leiter/AppData/Roaming/TinyTeX/texmf-dist/fonts/type1/public/lm/lmri10.pfb><c:/Users/Tristan Leiter/AppData/Roaming/TinyTeX/texmf-dist/fonts/type1/public/lm/lmri8.pfb><c:/Users/Tristan Leiter/AppData/Roaming/TinyTeX/texmf-dist/fonts/type1/public/lm/lmsy10.pfb><c:/Users/Tristan Leiter/AppData/Roaming/TinyTeX/texmf-dist/fonts/type1/public/lm/lmsy7.pfb><c:/Users/Tristan Leiter/AppData/Roaming/TinyTeX/texmf-dist/fonts/type1/public/lm/lmtk10.pfb><c:/Users/Tristan Leiter/AppData/Roaming/TinyTeX/texmf-dist/fonts/type1/public/lm/lmtt10.pfb>
Output written on Documentation_VAE.pdf (27 pages, 1998698 bytes).
PDF statistics:
 631 PDF objects out of 1000 (max. 8388607)
 554 compressed objects within 6 object streams
 155 named destinations out of 1000 (max. 500000)
 521 words of extra memory for PDF output out of 10000 (max. 10000000)

